c:\jimscode\c++\jacispathfinder\jacispathfinder\debug\vc141.pdb
c:\jimscode\c++\jacispathfinder\jacispathfinder\debug\vc141.idb
c:\jimscode\c++\jacispathfinder\jacispathfinder\debug\hermite.obj
c:\jimscode\c++\jacispathfinder\jacispathfinder\debug\distance.obj
c:\jimscode\c++\jacispathfinder\jacispathfinder\debug\encoder.obj
c:\jimscode\c++\jacispathfinder\jacispathfinder\debug\generator.obj
c:\jimscode\c++\jacispathfinder\jacispathfinder\debug\io.obj
c:\jimscode\c++\jacispathfinder\jacispathfinder\debug\mathutil.obj
c:\jimscode\c++\jacispathfinder\jacispathfinder\debug\swerve.obj
c:\jimscode\c++\jacispathfinder\jacispathfinder\debug\tank.obj
c:\jimscode\c++\jacispathfinder\jacispathfinder\debug\spline.obj
c:\jimscode\c++\jacispathfinder\jacispathfinder\debug\trajectory.obj
c:\jimscode\c++\jacispathfinder\jacispathfinder\debug\jacispathfinder.obj
c:\jimscode\c++\jacispathfinder\debug\jacispathfinder.lib
c:\jimscode\c++\jacispathfinder\debug\jacispathfinder.exp
c:\jimscode\c++\jacispathfinder\debug\jacispathfinder.exe
c:\jimscode\c++\jacispathfinder\debug\jacispathfinder.ilk
c:\jimscode\c++\jacispathfinder\debug\jacispathfinder.pdb
c:\jimscode\c++\jacispathfinder\jacispathfinder\debug\jacispathfinder.tlog\cl.command.1.tlog
c:\jimscode\c++\jacispathfinder\jacispathfinder\debug\jacispathfinder.tlog\cl.read.1.tlog
c:\jimscode\c++\jacispathfinder\jacispathfinder\debug\jacispathfinder.tlog\cl.write.1.tlog
c:\jimscode\c++\jacispathfinder\jacispathfinder\debug\jacispathfinder.tlog\jacispathfinder.write.1u.tlog
c:\jimscode\c++\jacispathfinder\jacispathfinder\debug\jacispathfinder.tlog\link.command.1.tlog
c:\jimscode\c++\jacispathfinder\jacispathfinder\debug\jacispathfinder.tlog\link.read.1.tlog
c:\jimscode\c++\jacispathfinder\jacispathfinder\debug\jacispathfinder.tlog\link.write.1.tlog
